<?xml version="1.0" encoding="UTF-8"?>
<!-- Generated by org.testng.reporters.JUnitReportReporter -->
<testsuite name="com.FlipKart.TestCases.FlipKartAddtoCart" tests="1" time="23.231" ignored="2" failures="0" timestamp="13 Jul 2021 15:03:54 GMT" skipped="0" hostname="MMS" errors="0">
  <testcase name="addtocart" time="23.231" classname="com.FlipKart.TestCases.FlipKartAddtoCart"/>
  <testcase name="teardown" classname="com.FlipKart.CommonFunctions.BrowserSetup">
    <skipped/>
  </testcase> <!-- teardown -->
  <testcase name="Selectbrowser" classname="com.FlipKart.CommonFunctions.BrowserSetup">
    <skipped/>
  </testcase> <!-- Selectbrowser -->
</testsuite> <!-- com.FlipKart.TestCases.FlipKartAddtoCart -->
