<?xml version="1.0" encoding="UTF-8"?>
<!-- Generated by org.testng.reporters.JUnitReportReporter -->
<testsuite name="com.FlipKart.TestCases.LoginPopup" tests="1" time="2.529" ignored="1" failures="0" timestamp="13 Jul 2021 10:34:50 GMT" skipped="0" hostname="MMS" errors="0">
  <testcase name="CloseAlertPopup" time="2.529" classname="com.FlipKart.TestCases.LoginPopup"/>
  <testcase name="LoginFlipKart_viaAlertPopup" classname="com.FlipKart.TestCases.LoginPopup">
    <skipped/>
  </testcase> <!-- LoginFlipKart_viaAlertPopup -->
</testsuite> <!-- com.FlipKart.TestCases.LoginPopup -->
