<?xml version="1.0" encoding="UTF-8"?>
<!-- Generated by org.testng.reporters.JUnitReportReporter -->
<testsuite name="com.FlipKart.TestCases.CloseFlipKartLoginPopup" tests="1" time="2.281" ignored="2" failures="0" timestamp="13 Jul 2021 15:03:54 GMT" skipped="0" hostname="MMS" errors="0">
  <testcase name="CloseAlertPopup" time="2.281" classname="com.FlipKart.TestCases.CloseFlipKartLoginPopup"/>
  <testcase name="teardown" classname="com.FlipKart.CommonFunctions.BrowserSetup">
    <skipped/>
  </testcase> <!-- teardown -->
  <testcase name="Selectbrowser" classname="com.FlipKart.CommonFunctions.BrowserSetup">
    <skipped/>
  </testcase> <!-- Selectbrowser -->
</testsuite> <!-- com.FlipKart.TestCases.CloseFlipKartLoginPopup -->
